[0.007s] Invoking command in '/home/kevin/khronos-learning/ros2_ws/build/my_first_node': CMAKE_PREFIX_PATH=${CMAKE_PREFIX_PATH}:/opt/ros/jazzy DEBUGINFOD_URLS=https://debuginfod.ubuntu.com /usr/bin/cmake /home/kevin/khronos-learning/ros2_ws/src/my_first_node -DCMAKE_INSTALL_PREFIX=/home/kevin/khronos-learning/ros2_ws/install/my_first_node
[0.052s] -- The C compiler identification is GNU 13.3.0
[0.109s] -- The CXX compiler identification is GNU 13.3.0
[0.124s] -- Detecting C compiler ABI info
[0.247s] -- Detecting C compiler ABI info - done
[0.254s] -- Check for working C compiler: /usr/bin/cc - skipped
[0.254s] -- Detecting C compile features
[0.254s] -- Detecting C compile features - done
[0.263s] -- Detecting CXX compiler ABI info
[0.403s] -- Detecting CXX compiler ABI info - done
[0.410s] -- Check for working CXX compiler: /usr/bin/c++ - skipped
[0.410s] -- Detecting CXX compile features
[0.411s] -- Detecting CXX compile features - done
[0.423s] -- Found ament_cmake: 2.5.4 (/opt/ros/jazzy/share/ament_cmake/cmake)
[0.553s] -- Found Python3: /usr/bin/python3 (found version "3.12.3") found components: Interpreter 
[0.675s] -- Found rclcpp: 28.1.13 (/opt/ros/jazzy/share/rclcpp/cmake)
[0.716s] -- Found rosidl_generator_c: 4.6.6 (/opt/ros/jazzy/share/rosidl_generator_c/cmake)
[0.729s] -- Found rosidl_generator_cpp: 4.6.6 (/opt/ros/jazzy/share/rosidl_generator_cpp/cmake)
[0.743s] -- Using all available rosidl_typesupport_c: rosidl_typesupport_fastrtps_c;rosidl_typesupport_introspection_c
[0.757s] -- Using all available rosidl_typesupport_cpp: rosidl_typesupport_fastrtps_cpp;rosidl_typesupport_introspection_cpp
[0.822s] -- Found rmw_implementation_cmake: 7.3.2 (/opt/ros/jazzy/share/rmw_implementation_cmake/cmake)
[0.825s] -- Found rmw_fastrtps_cpp: 8.4.3 (/opt/ros/jazzy/share/rmw_fastrtps_cpp/cmake)
[0.956s] -- Found OpenSSL: /usr/lib/x86_64-linux-gnu/libcrypto.so (found version "3.0.13")  
[0.982s] -- Found FastRTPS: /opt/ros/jazzy/include (Required is at least version "2.13") 
[1.009s] -- Using RMW implementation 'rmw_fastrtps_cpp' as default
[1.076s] -- Found std_msgs: 5.3.6 (/opt/ros/jazzy/share/std_msgs/cmake)
[1.145s] -- Configuring done (1.1s)
[1.151s] -- Generating done (0.0s)
[1.153s] -- Build files have been written to: /home/kevin/khronos-learning/ros2_ws/build/my_first_node
[1.161s] Invoked command in '/home/kevin/khronos-learning/ros2_ws/build/my_first_node' returned '0': CMAKE_PREFIX_PATH=${CMAKE_PREFIX_PATH}:/opt/ros/jazzy DEBUGINFOD_URLS=https://debuginfod.ubuntu.com /usr/bin/cmake /home/kevin/khronos-learning/ros2_ws/src/my_first_node -DCMAKE_INSTALL_PREFIX=/home/kevin/khronos-learning/ros2_ws/install/my_first_node
[1.161s] Invoking command in '/home/kevin/khronos-learning/ros2_ws/build/my_first_node': CMAKE_PREFIX_PATH=${CMAKE_PREFIX_PATH}:/opt/ros/jazzy DEBUGINFOD_URLS=https://debuginfod.ubuntu.com /usr/bin/cmake --build /home/kevin/khronos-learning/ros2_ws/build/my_first_node -- -j20 -l20
[1.225s] [ 50%] [32mBuilding CXX object CMakeFiles/simple_publisher.dir/src/simple_publisher.cpp.o[0m
[3.877s] [100%] [32m[1mLinking CXX executable simple_publisher[0m
[4.013s] [100%] Built target simple_publisher
[4.025s] Invoked command in '/home/kevin/khronos-learning/ros2_ws/build/my_first_node' returned '0': CMAKE_PREFIX_PATH=${CMAKE_PREFIX_PATH}:/opt/ros/jazzy DEBUGINFOD_URLS=https://debuginfod.ubuntu.com /usr/bin/cmake --build /home/kevin/khronos-learning/ros2_ws/build/my_first_node -- -j20 -l20
[4.031s] Invoking command in '/home/kevin/khronos-learning/ros2_ws/build/my_first_node': CMAKE_PREFIX_PATH=${CMAKE_PREFIX_PATH}:/opt/ros/jazzy DEBUGINFOD_URLS=https://debuginfod.ubuntu.com /usr/bin/cmake --install /home/kevin/khronos-learning/ros2_ws/build/my_first_node
[4.037s] -- Install configuration: ""
[4.037s] -- Installing: /home/kevin/khronos-learning/ros2_ws/install/my_first_node/lib/my_first_node/simple_publisher
[4.038s] -- Set non-toolchain portion of runtime path of "/home/kevin/khronos-learning/ros2_ws/install/my_first_node/lib/my_first_node/simple_publisher" to ""
[4.038s] -- Installing: /home/kevin/khronos-learning/ros2_ws/install/my_first_node/share/ament_index/resource_index/package_run_dependencies/my_first_node
[4.038s] -- Installing: /home/kevin/khronos-learning/ros2_ws/install/my_first_node/share/ament_index/resource_index/parent_prefix_path/my_first_node
[4.039s] -- Installing: /home/kevin/khronos-learning/ros2_ws/install/my_first_node/share/my_first_node/environment/ament_prefix_path.sh
[4.039s] -- Installing: /home/kevin/khronos-learning/ros2_ws/install/my_first_node/share/my_first_node/environment/ament_prefix_path.dsv
[4.039s] -- Installing: /home/kevin/khronos-learning/ros2_ws/install/my_first_node/share/my_first_node/environment/path.sh
[4.039s] -- Installing: /home/kevin/khronos-learning/ros2_ws/install/my_first_node/share/my_first_node/environment/path.dsv
[4.039s] -- Installing: /home/kevin/khronos-learning/ros2_ws/install/my_first_node/share/my_first_node/local_setup.bash
[4.039s] -- Installing: /home/kevin/khronos-learning/ros2_ws/install/my_first_node/share/my_first_node/local_setup.sh
[4.039s] -- Installing: /home/kevin/khronos-learning/ros2_ws/install/my_first_node/share/my_first_node/local_setup.zsh
[4.039s] -- Installing: /home/kevin/khronos-learning/ros2_ws/install/my_first_node/share/my_first_node/local_setup.dsv
[4.039s] -- Installing: /home/kevin/khronos-learning/ros2_ws/install/my_first_node/share/my_first_node/package.dsv
[4.039s] -- Installing: /home/kevin/khronos-learning/ros2_ws/install/my_first_node/share/ament_index/resource_index/packages/my_first_node
[4.039s] -- Installing: /home/kevin/khronos-learning/ros2_ws/install/my_first_node/share/my_first_node/cmake/my_first_nodeConfig.cmake
[4.039s] -- Installing: /home/kevin/khronos-learning/ros2_ws/install/my_first_node/share/my_first_node/cmake/my_first_nodeConfig-version.cmake
[4.039s] -- Installing: /home/kevin/khronos-learning/ros2_ws/install/my_first_node/share/my_first_node/package.xml
[4.041s] Invoked command in '/home/kevin/khronos-learning/ros2_ws/build/my_first_node' returned '0': CMAKE_PREFIX_PATH=${CMAKE_PREFIX_PATH}:/opt/ros/jazzy DEBUGINFOD_URLS=https://debuginfod.ubuntu.com /usr/bin/cmake --install /home/kevin/khronos-learning/ros2_ws/build/my_first_node
