[0.083s] DEBUG:colcon:Command line arguments: ['/usr/bin/colcon', 'build']
[0.083s] DEBUG:colcon:Parsed command line arguments: Namespace(log_base=None, log_level=None, verb_name='build', build_base='build', install_base='install', merge_install=False, symlink_install=False, test_result_base=None, continue_on_error=False, executor='parallel', parallel_workers=20, event_handlers=None, ignore_user_meta=False, metas=['./colcon.meta'], base_paths=['.'], packages_ignore=None, packages_ignore_regex=None, paths=None, packages_up_to=None, packages_up_to_regex=None, packages_above=None, packages_above_and_dependencies=None, packages_above_depth=None, packages_select_by_dep=None, packages_skip_by_dep=None, packages_skip_up_to=None, packages_select_build_failed=False, packages_skip_build_finished=False, packages_select_test_failures=False, packages_skip_test_passed=False, packages_select=None, packages_skip=None, packages_select_regex=None, packages_skip_regex=None, packages_start=None, packages_end=None, allow_overriding=[], cmake_args=None, cmake_target=None, cmake_target_skip_unavailable=False, cmake_clean_cache=False, cmake_clean_first=False, cmake_force_configure=False, ament_cmake_args=None, catkin_cmake_args=None, catkin_skip_building_tests=False, verb_parser=<colcon_defaults.argument_parser.defaults.DefaultArgumentsDecorator object at 0x7e618a1729c0>, verb_extension=<colcon_core.verb.build.BuildVerb object at 0x7e618a172b40>, main=<bound method BuildVerb.main of <colcon_core.verb.build.BuildVerb object at 0x7e618a172b40>>)
[0.114s] Level 1:colcon.colcon_core.package_discovery:discover_packages(colcon_meta) check parameters
[0.114s] Level 1:colcon.colcon_core.package_discovery:discover_packages(recursive) check parameters
[0.114s] Level 1:colcon.colcon_core.package_discovery:discover_packages(ignore) check parameters
[0.114s] Level 1:colcon.colcon_core.package_discovery:discover_packages(path) check parameters
[0.114s] Level 1:colcon.colcon_core.package_discovery:discover_packages(colcon_meta) discover
[0.115s] Level 1:colcon.colcon_core.package_discovery:discover_packages(recursive) discover
[0.115s] INFO:colcon.colcon_core.package_discovery:Crawling recursively for packages in '/home/kevin/khronos-learning/ros2_ws'
[0.115s] Level 1:colcon.colcon_core.package_identification:_identify(.) by extensions ['ignore', 'ignore_ament_install']
[0.115s] Level 1:colcon.colcon_core.package_identification:_identify(.) by extension 'ignore'
[0.115s] Level 1:colcon.colcon_core.package_identification:_identify(.) by extension 'ignore_ament_install'
[0.115s] Level 1:colcon.colcon_core.package_identification:_identify(.) by extensions ['colcon_pkg']
[0.115s] Level 1:colcon.colcon_core.package_identification:_identify(.) by extension 'colcon_pkg'
[0.115s] Level 1:colcon.colcon_core.package_identification:_identify(.) by extensions ['colcon_meta']
[0.115s] Level 1:colcon.colcon_core.package_identification:_identify(.) by extension 'colcon_meta'
[0.115s] Level 1:colcon.colcon_core.package_identification:_identify(.) by extensions ['ros']
[0.115s] Level 1:colcon.colcon_core.package_identification:_identify(.) by extension 'ros'
[0.130s] Level 1:colcon.colcon_core.package_identification:_identify(.) by extensions ['cmake', 'python']
[0.130s] Level 1:colcon.colcon_core.package_identification:_identify(.) by extension 'cmake'
[0.130s] Level 1:colcon.colcon_core.package_identification:_identify(.) by extension 'python'
[0.130s] Level 1:colcon.colcon_core.package_identification:_identify(.) by extensions ['python_setup_py']
[0.130s] Level 1:colcon.colcon_core.package_identification:_identify(.) by extension 'python_setup_py'
[0.130s] Level 1:colcon.colcon_core.package_identification:_identify(build) by extensions ['ignore', 'ignore_ament_install']
[0.130s] Level 1:colcon.colcon_core.package_identification:_identify(build) by extension 'ignore'
[0.130s] Level 1:colcon.colcon_core.package_identification:_identify(build) ignored
[0.130s] Level 1:colcon.colcon_core.package_identification:_identify(install) by extensions ['ignore', 'ignore_ament_install']
[0.130s] Level 1:colcon.colcon_core.package_identification:_identify(install) by extension 'ignore'
[0.130s] Level 1:colcon.colcon_core.package_identification:_identify(install) ignored
[0.130s] Level 1:colcon.colcon_core.package_identification:_identify(log) by extensions ['ignore', 'ignore_ament_install']
[0.130s] Level 1:colcon.colcon_core.package_identification:_identify(log) by extension 'ignore'
[0.130s] Level 1:colcon.colcon_core.package_identification:_identify(log) ignored
[0.130s] Level 1:colcon.colcon_core.package_identification:_identify(src) by extensions ['ignore', 'ignore_ament_install']
[0.130s] Level 1:colcon.colcon_core.package_identification:_identify(src) by extension 'ignore'
[0.130s] Level 1:colcon.colcon_core.package_identification:_identify(src) by extension 'ignore_ament_install'
[0.130s] Level 1:colcon.colcon_core.package_identification:_identify(src) by extensions ['colcon_pkg']
[0.130s] Level 1:colcon.colcon_core.package_identification:_identify(src) by extension 'colcon_pkg'
[0.130s] Level 1:colcon.colcon_core.package_identification:_identify(src) by extensions ['colcon_meta']
[0.130s] Level 1:colcon.colcon_core.package_identification:_identify(src) by extension 'colcon_meta'
[0.130s] Level 1:colcon.colcon_core.package_identification:_identify(src) by extensions ['ros']
[0.130s] Level 1:colcon.colcon_core.package_identification:_identify(src) by extension 'ros'
[0.131s] Level 1:colcon.colcon_core.package_identification:_identify(src) by extensions ['cmake', 'python']
[0.131s] Level 1:colcon.colcon_core.package_identification:_identify(src) by extension 'cmake'
[0.131s] Level 1:colcon.colcon_core.package_identification:_identify(src) by extension 'python'
[0.131s] Level 1:colcon.colcon_core.package_identification:_identify(src) by extensions ['python_setup_py']
[0.131s] Level 1:colcon.colcon_core.package_identification:_identify(src) by extension 'python_setup_py'
[0.131s] Level 1:colcon.colcon_core.package_identification:_identify(src/my_first_node) by extensions ['ignore', 'ignore_ament_install']
[0.131s] Level 1:colcon.colcon_core.package_identification:_identify(src/my_first_node) by extension 'ignore'
[0.131s] Level 1:colcon.colcon_core.package_identification:_identify(src/my_first_node) by extension 'ignore_ament_install'
[0.131s] Level 1:colcon.colcon_core.package_identification:_identify(src/my_first_node) by extensions ['colcon_pkg']
[0.131s] Level 1:colcon.colcon_core.package_identification:_identify(src/my_first_node) by extension 'colcon_pkg'
[0.131s] Level 1:colcon.colcon_core.package_identification:_identify(src/my_first_node) by extensions ['colcon_meta']
[0.131s] Level 1:colcon.colcon_core.package_identification:_identify(src/my_first_node) by extension 'colcon_meta'
[0.131s] Level 1:colcon.colcon_core.package_identification:_identify(src/my_first_node) by extensions ['ros']
[0.131s] Level 1:colcon.colcon_core.package_identification:_identify(src/my_first_node) by extension 'ros'
[0.133s] DEBUG:colcon.colcon_core.package_identification:Package 'src/my_first_node' with type 'ros.ament_cmake' and name 'my_first_node'
[0.133s] Level 1:colcon.colcon_core.package_discovery:discover_packages(recursive) using defaults
[0.133s] Level 1:colcon.colcon_core.package_discovery:discover_packages(ignore) discover
[0.133s] Level 1:colcon.colcon_core.package_discovery:discover_packages(ignore) using defaults
[0.133s] Level 1:colcon.colcon_core.package_discovery:discover_packages(path) discover
[0.133s] Level 1:colcon.colcon_core.package_discovery:discover_packages(path) using defaults
[0.145s] Level 1:colcon.colcon_core.package_discovery:discover_packages(prefix_path) check parameters
[0.145s] Level 1:colcon.colcon_core.package_discovery:discover_packages(prefix_path) discover
[0.147s] DEBUG:colcon.colcon_installed_package_information.package_discovery:Found 342 installed packages in /opt/ros/jazzy
[0.148s] Level 1:colcon.colcon_core.package_discovery:discover_packages(prefix_path) using defaults
[0.170s] Level 5:colcon.colcon_core.verb:set package 'my_first_node' build argument 'cmake_args' from command line to 'None'
[0.170s] Level 5:colcon.colcon_core.verb:set package 'my_first_node' build argument 'cmake_target' from command line to 'None'
[0.170s] Level 5:colcon.colcon_core.verb:set package 'my_first_node' build argument 'cmake_target_skip_unavailable' from command line to 'False'
[0.170s] Level 5:colcon.colcon_core.verb:set package 'my_first_node' build argument 'cmake_clean_cache' from command line to 'False'
[0.170s] Level 5:colcon.colcon_core.verb:set package 'my_first_node' build argument 'cmake_clean_first' from command line to 'False'
[0.171s] Level 5:colcon.colcon_core.verb:set package 'my_first_node' build argument 'cmake_force_configure' from command line to 'False'
[0.171s] Level 5:colcon.colcon_core.verb:set package 'my_first_node' build argument 'ament_cmake_args' from command line to 'None'
[0.171s] Level 5:colcon.colcon_core.verb:set package 'my_first_node' build argument 'catkin_cmake_args' from command line to 'None'
[0.171s] Level 5:colcon.colcon_core.verb:set package 'my_first_node' build argument 'catkin_skip_building_tests' from command line to 'False'
[0.171s] DEBUG:colcon.colcon_core.verb:Building package 'my_first_node' with the following arguments: {'ament_cmake_args': None, 'build_base': '/home/kevin/khronos-learning/ros2_ws/build/my_first_node', 'catkin_cmake_args': None, 'catkin_skip_building_tests': False, 'cmake_args': None, 'cmake_clean_cache': False, 'cmake_clean_first': False, 'cmake_force_configure': False, 'cmake_target': None, 'cmake_target_skip_unavailable': False, 'install_base': '/home/kevin/khronos-learning/ros2_ws/install/my_first_node', 'merge_install': False, 'path': '/home/kevin/khronos-learning/ros2_ws/src/my_first_node', 'symlink_install': False, 'test_result_base': None}
[0.171s] INFO:colcon.colcon_core.executor:Executing jobs using 'parallel' executor
[0.171s] DEBUG:colcon.colcon_parallel_executor.executor.parallel:run_until_complete
[0.171s] INFO:colcon.colcon_ros.task.ament_cmake.build:Building ROS package in '/home/kevin/khronos-learning/ros2_ws/src/my_first_node' with build type 'ament_cmake'
[0.171s] INFO:colcon.colcon_cmake.task.cmake.build:Building CMake package in '/home/kevin/khronos-learning/ros2_ws/src/my_first_node'
[0.174s] INFO:colcon.colcon_core.plugin_system:Skipping extension 'colcon_core.shell.bat': Not used on non-Windows systems
[0.174s] INFO:colcon.colcon_core.shell:Skip shell extension 'powershell' for command environment: Not usable outside of PowerShell
[0.174s] DEBUG:colcon.colcon_core.shell:Skip shell extension 'dsv' for command environment
[0.179s] DEBUG:colcon.colcon_core.event_handler.log_command:Invoking command in '/home/kevin/khronos-learning/ros2_ws/build/my_first_node': CMAKE_PREFIX_PATH=${CMAKE_PREFIX_PATH}:/opt/ros/jazzy DEBUGINFOD_URLS=https://debuginfod.ubuntu.com /usr/bin/cmake /home/kevin/khronos-learning/ros2_ws/src/my_first_node -DCMAKE_INSTALL_PREFIX=/home/kevin/khronos-learning/ros2_ws/install/my_first_node
[1.333s] DEBUG:colcon.colcon_core.event_handler.log_command:Invoked command in '/home/kevin/khronos-learning/ros2_ws/build/my_first_node' returned '0': CMAKE_PREFIX_PATH=${CMAKE_PREFIX_PATH}:/opt/ros/jazzy DEBUGINFOD_URLS=https://debuginfod.ubuntu.com /usr/bin/cmake /home/kevin/khronos-learning/ros2_ws/src/my_first_node -DCMAKE_INSTALL_PREFIX=/home/kevin/khronos-learning/ros2_ws/install/my_first_node
[1.333s] DEBUG:colcon.colcon_core.event_handler.log_command:Invoking command in '/home/kevin/khronos-learning/ros2_ws/build/my_first_node': CMAKE_PREFIX_PATH=${CMAKE_PREFIX_PATH}:/opt/ros/jazzy DEBUGINFOD_URLS=https://debuginfod.ubuntu.com /usr/bin/cmake --build /home/kevin/khronos-learning/ros2_ws/build/my_first_node -- -j20 -l20
[4.196s] DEBUG:colcon.colcon_core.event_handler.log_command:Invoked command in '/home/kevin/khronos-learning/ros2_ws/build/my_first_node' returned '0': CMAKE_PREFIX_PATH=${CMAKE_PREFIX_PATH}:/opt/ros/jazzy DEBUGINFOD_URLS=https://debuginfod.ubuntu.com /usr/bin/cmake --build /home/kevin/khronos-learning/ros2_ws/build/my_first_node -- -j20 -l20
[4.203s] DEBUG:colcon.colcon_core.event_handler.log_command:Invoking command in '/home/kevin/khronos-learning/ros2_ws/build/my_first_node': CMAKE_PREFIX_PATH=${CMAKE_PREFIX_PATH}:/opt/ros/jazzy DEBUGINFOD_URLS=https://debuginfod.ubuntu.com /usr/bin/cmake --install /home/kevin/khronos-learning/ros2_ws/build/my_first_node
[4.212s] Level 1:colcon.colcon_core.environment:create_environment_scripts_only(my_first_node)
[4.212s] DEBUG:colcon.colcon_core.event_handler.log_command:Invoked command in '/home/kevin/khronos-learning/ros2_ws/build/my_first_node' returned '0': CMAKE_PREFIX_PATH=${CMAKE_PREFIX_PATH}:/opt/ros/jazzy DEBUGINFOD_URLS=https://debuginfod.ubuntu.com /usr/bin/cmake --install /home/kevin/khronos-learning/ros2_ws/build/my_first_node
[4.219s] Level 1:colcon.colcon_core.environment:checking '/home/kevin/khronos-learning/ros2_ws/install/my_first_node' for CMake module files
[4.220s] Level 1:colcon.colcon_core.environment:checking '/home/kevin/khronos-learning/ros2_ws/install/my_first_node' for CMake config files
[4.220s] Level 1:colcon.colcon_core.shell:create_environment_hook('my_first_node', 'cmake_prefix_path')
[4.220s] INFO:colcon.colcon_core.shell:Creating environment hook '/home/kevin/khronos-learning/ros2_ws/install/my_first_node/share/my_first_node/hook/cmake_prefix_path.ps1'
[4.221s] INFO:colcon.colcon_core.shell:Creating environment descriptor '/home/kevin/khronos-learning/ros2_ws/install/my_first_node/share/my_first_node/hook/cmake_prefix_path.dsv'
[4.222s] INFO:colcon.colcon_core.shell:Creating environment hook '/home/kevin/khronos-learning/ros2_ws/install/my_first_node/share/my_first_node/hook/cmake_prefix_path.sh'
[4.223s] Level 1:colcon.colcon_core.environment:checking '/home/kevin/khronos-learning/ros2_ws/install/my_first_node/lib'
[4.224s] Level 1:colcon.colcon_core.environment:checking '/home/kevin/khronos-learning/ros2_ws/install/my_first_node/bin'
[4.224s] Level 1:colcon.colcon_core.environment:checking '/home/kevin/khronos-learning/ros2_ws/install/my_first_node/lib/pkgconfig/my_first_node.pc'
[4.224s] Level 1:colcon.colcon_core.environment:checking '/home/kevin/khronos-learning/ros2_ws/install/my_first_node/lib/python3.12/site-packages'
[4.224s] Level 1:colcon.colcon_core.environment:checking '/home/kevin/khronos-learning/ros2_ws/install/my_first_node/bin'
[4.225s] INFO:colcon.colcon_core.shell:Creating package script '/home/kevin/khronos-learning/ros2_ws/install/my_first_node/share/my_first_node/package.ps1'
[4.226s] INFO:colcon.colcon_core.shell:Creating package descriptor '/home/kevin/khronos-learning/ros2_ws/install/my_first_node/share/my_first_node/package.dsv'
[4.226s] INFO:colcon.colcon_core.shell:Creating package script '/home/kevin/khronos-learning/ros2_ws/install/my_first_node/share/my_first_node/package.sh'
[4.227s] INFO:colcon.colcon_core.shell:Creating package script '/home/kevin/khronos-learning/ros2_ws/install/my_first_node/share/my_first_node/package.bash'
[4.228s] INFO:colcon.colcon_core.shell:Creating package script '/home/kevin/khronos-learning/ros2_ws/install/my_first_node/share/my_first_node/package.zsh'
[4.229s] Level 1:colcon.colcon_core.environment:create_file_with_runtime_dependencies(/home/kevin/khronos-learning/ros2_ws/install/my_first_node/share/colcon-core/packages/my_first_node)
[4.229s] Level 1:colcon.colcon_core.environment:create_environment_scripts_only(my_first_node)
[4.229s] Level 1:colcon.colcon_core.environment:checking '/home/kevin/khronos-learning/ros2_ws/install/my_first_node' for CMake module files
[4.230s] Level 1:colcon.colcon_core.environment:checking '/home/kevin/khronos-learning/ros2_ws/install/my_first_node' for CMake config files
[4.230s] Level 1:colcon.colcon_core.shell:create_environment_hook('my_first_node', 'cmake_prefix_path')
[4.230s] INFO:colcon.colcon_core.shell:Creating environment hook '/home/kevin/khronos-learning/ros2_ws/install/my_first_node/share/my_first_node/hook/cmake_prefix_path.ps1'
[4.230s] INFO:colcon.colcon_core.shell:Creating environment descriptor '/home/kevin/khronos-learning/ros2_ws/install/my_first_node/share/my_first_node/hook/cmake_prefix_path.dsv'
[4.231s] INFO:colcon.colcon_core.shell:Creating environment hook '/home/kevin/khronos-learning/ros2_ws/install/my_first_node/share/my_first_node/hook/cmake_prefix_path.sh'
[4.231s] Level 1:colcon.colcon_core.environment:checking '/home/kevin/khronos-learning/ros2_ws/install/my_first_node/lib'
[4.231s] Level 1:colcon.colcon_core.environment:checking '/home/kevin/khronos-learning/ros2_ws/install/my_first_node/bin'
[4.231s] Level 1:colcon.colcon_core.environment:checking '/home/kevin/khronos-learning/ros2_ws/install/my_first_node/lib/pkgconfig/my_first_node.pc'
[4.231s] Level 1:colcon.colcon_core.environment:checking '/home/kevin/khronos-learning/ros2_ws/install/my_first_node/lib/python3.12/site-packages'
[4.232s] Level 1:colcon.colcon_core.environment:checking '/home/kevin/khronos-learning/ros2_ws/install/my_first_node/bin'
[4.232s] INFO:colcon.colcon_core.shell:Creating package script '/home/kevin/khronos-learning/ros2_ws/install/my_first_node/share/my_first_node/package.ps1'
[4.232s] INFO:colcon.colcon_core.shell:Creating package descriptor '/home/kevin/khronos-learning/ros2_ws/install/my_first_node/share/my_first_node/package.dsv'
[4.232s] INFO:colcon.colcon_core.shell:Creating package script '/home/kevin/khronos-learning/ros2_ws/install/my_first_node/share/my_first_node/package.sh'
[4.233s] INFO:colcon.colcon_core.shell:Creating package script '/home/kevin/khronos-learning/ros2_ws/install/my_first_node/share/my_first_node/package.bash'
[4.233s] INFO:colcon.colcon_core.shell:Creating package script '/home/kevin/khronos-learning/ros2_ws/install/my_first_node/share/my_first_node/package.zsh'
[4.233s] Level 1:colcon.colcon_core.environment:create_file_with_runtime_dependencies(/home/kevin/khronos-learning/ros2_ws/install/my_first_node/share/colcon-core/packages/my_first_node)
[4.233s] DEBUG:colcon.colcon_parallel_executor.executor.parallel:closing loop
[4.233s] DEBUG:colcon.colcon_parallel_executor.executor.parallel:loop closed
[4.233s] DEBUG:colcon.colcon_parallel_executor.executor.parallel:run_until_complete finished with '0'
[4.233s] DEBUG:colcon.colcon_core.event_reactor:joining thread
[4.238s] INFO:colcon.colcon_core.plugin_system:Skipping extension 'colcon_notification.desktop_notification.terminal_notifier': Not used on non-Darwin systems
[4.238s] INFO:colcon.colcon_core.plugin_system:Skipping extension 'colcon_notification.desktop_notification.win32': Not used on non-Windows systems
[4.238s] INFO:colcon.colcon_notification.desktop_notification:Sending desktop notification using 'notify2'
[4.254s] DEBUG:colcon.colcon_core.event_reactor:joined thread
[4.255s] INFO:colcon.colcon_core.shell:Creating prefix script '/home/kevin/khronos-learning/ros2_ws/install/local_setup.ps1'
[4.256s] INFO:colcon.colcon_core.shell:Creating prefix util module '/home/kevin/khronos-learning/ros2_ws/install/_local_setup_util_ps1.py'
[4.257s] INFO:colcon.colcon_core.shell:Creating prefix chain script '/home/kevin/khronos-learning/ros2_ws/install/setup.ps1'
[4.257s] INFO:colcon.colcon_core.shell:Creating prefix script '/home/kevin/khronos-learning/ros2_ws/install/local_setup.sh'
[4.259s] INFO:colcon.colcon_core.shell:Creating prefix util module '/home/kevin/khronos-learning/ros2_ws/install/_local_setup_util_sh.py'
[4.259s] INFO:colcon.colcon_core.shell:Creating prefix chain script '/home/kevin/khronos-learning/ros2_ws/install/setup.sh'
[4.260s] INFO:colcon.colcon_core.shell:Creating prefix script '/home/kevin/khronos-learning/ros2_ws/install/local_setup.bash'
[4.260s] INFO:colcon.colcon_core.shell:Creating prefix chain script '/home/kevin/khronos-learning/ros2_ws/install/setup.bash'
[4.261s] INFO:colcon.colcon_core.shell:Creating prefix script '/home/kevin/khronos-learning/ros2_ws/install/local_setup.zsh'
[4.261s] INFO:colcon.colcon_core.shell:Creating prefix chain script '/home/kevin/khronos-learning/ros2_ws/install/setup.zsh'
